<?xml version="1.0" encoding="UTF-8"?>
<testsuite xmlns:xsi="http://www.w3.org/2001/XMLSchema-instance" xsi:noNamespaceSchemaLocation="https://maven.apache.org/surefire/maven-surefire-plugin/xsd/surefire-test-report.xsd" name="market.AppTest" time="0.041" tests="1" errors="0" skipped="0" failures="0">
  <properties>
    <property name="sun.desktop" value="windows"/>
    <property name="awt.toolkit" value="sun.awt.windows.WToolkit"/>
    <property name="file.encoding.pkg" value="sun.io"/>
    <property name="java.specification.version" value="1.8"/>
    <property name="sun.cpu.isalist" value="amd64"/>
    <property name="sun.jnu.encoding" value="Cp1252"/>
    <property name="java.class.path" value="C:\Users\bbdnet2209\Desktop\Projects\fix-me\market\target\test-classes;C:\Users\bbdnet2209\Desktop\Projects\fix-me\market\target\classes;C:\Users\bbdnet2209\.m2\repository\junit\junit\4.11\junit-4.11.jar;C:\Users\bbdnet2209\.m2\repository\org\hamcrest\hamcrest-core\1.3\hamcrest-core-1.3.jar;"/>
    <property name="java.vm.vendor" value="Microsoft"/>
    <property name="sun.arch.data.model" value="64"/>
    <property name="user.variant" value=""/>
    <property name="java.vendor.url" value="https://www.microsoft.com/"/>
    <property name="user.timezone" value="Africa/Harare"/>
    <property name="java.vm.specification.version" value="1.8"/>
    <property name="os.name" value="Windows 10"/>
    <property name="user.country" value="ZA"/>
    <property name="sun.java.launcher" value="SUN_STANDARD"/>
    <property name="sun.boot.library.path" value="C:\Program Files\Android\Jdk\microsoft_dist_openjdk_1.8.0.25\jre\bin"/>
    <property name="sun.java.command" value="C:\Users\BBDNET~2\AppData\Local\Temp\surefire2126518279692715892\surefirebooter5011520541540050089.jar C:\Users\bbdnet2209\AppData\Local\Temp\surefire2126518279692715892 2020-09-28T11-59-01_342-jvmRun1 surefire4614956038816319398tmp surefire_01493101761142673705tmp"/>
    <property name="surefire.test.class.path" value="C:\Users\bbdnet2209\Desktop\Projects\fix-me\market\target\test-classes;C:\Users\bbdnet2209\Desktop\Projects\fix-me\market\target\classes;C:\Users\bbdnet2209\.m2\repository\junit\junit\4.11\junit-4.11.jar;C:\Users\bbdnet2209\.m2\repository\org\hamcrest\hamcrest-core\1.3\hamcrest-core-1.3.jar;"/>
    <property name="sun.cpu.endian" value="little"/>
    <property name="user.home" value="C:\Users\bbdnet2209"/>
    <property name="user.language" value="en"/>
    <property name="java.specification.vendor" value="Oracle Corporation"/>
    <property name="java.home" value="C:\Program Files\Android\Jdk\microsoft_dist_openjdk_1.8.0.25\jre"/>
    <property name="basedir" value="C:\Users\bbdnet2209\Desktop\Projects\fix-me\market"/>
    <property name="file.separator" value="\"/>
    <property name="line.separator" value="&#10;"/>
    <property name="java.vm.specification.vendor" value="Oracle Corporation"/>
    <property name="java.specification.name" value="Java Platform API Specification"/>
    <property name="java.awt.graphicsenv" value="sun.awt.Win32GraphicsEnvironment"/>
    <property name="surefire.real.class.path" value="C:\Users\BBDNET~2\AppData\Local\Temp\surefire2126518279692715892\surefirebooter5011520541540050089.jar"/>
    <property name="sun.boot.class.path" value="C:\Program Files\Android\Jdk\microsoft_dist_openjdk_1.8.0.25\jre\lib\resources.jar;C:\Program Files\Android\Jdk\microsoft_dist_openjdk_1.8.0.25\jre\lib\rt.jar;C:\Program Files\Android\Jdk\microsoft_dist_openjdk_1.8.0.25\jre\lib\sunrsasign.jar;C:\Program Files\Android\Jdk\microsoft_dist_openjdk_1.8.0.25\jre\lib\jsse.jar;C:\Program Files\Android\Jdk\microsoft_dist_openjdk_1.8.0.25\jre\lib\jce.jar;C:\Program Files\Android\Jdk\microsoft_dist_openjdk_1.8.0.25\jre\lib\charsets.jar;C:\Program Files\Android\Jdk\microsoft_dist_openjdk_1.8.0.25\jre\lib\jfr.jar;C:\Program Files\Android\Jdk\microsoft_dist_openjdk_1.8.0.25\jre\classes"/>
    <property name="user.script" value=""/>
    <property name="sun.management.compiler" value="HotSpot 64-Bit Tiered Compilers"/>
    <property name="java.runtime.version" value="1.8.0-25-microsoft-b00"/>
    <property name="user.name" value="bbdnet2209"/>
    <property name="path.separator" value=";"/>
    <property name="os.version" value="10.0"/>
    <property name="java.endorsed.dirs" value="C:\Program Files\Android\Jdk\microsoft_dist_openjdk_1.8.0.25\jre\lib\endorsed"/>
    <property name="java.runtime.name" value="OpenJDK Runtime Environment"/>
    <property name="file.encoding" value="Cp1252"/>
    <property name="java.vm.name" value="OpenJDK 64-Bit Server VM"/>
    <property name="localRepository" value="C:\Users\bbdnet2209\.m2\repository"/>
    <property name="java.vendor.url.bug" value="https://developercommunity.visualstudio.com"/>
    <property name="java.io.tmpdir" value="C:\Users\BBDNET~2\AppData\Local\Temp\"/>
    <property name="java.version" value="1.8.0-25"/>
    <property name="user.dir" value="C:\Users\bbdnet2209\Desktop\Projects\fix-me\market"/>
    <property name="os.arch" value="amd64"/>
    <property name="java.vm.specification.name" value="Java Virtual Machine Specification"/>
    <property name="java.awt.printerjob" value="sun.awt.windows.WPrinterJob"/>
    <property name="sun.os.patch.level" value=""/>
    <property name="java.library.path" value="C:\Program Files\Android\Jdk\microsoft_dist_openjdk_1.8.0.25\jre\bin;C:\Windows\Sun\Java\bin;C:\Windows\system32;C:\Windows;C:\Windows\system32;C:\Windows;C:\Windows\System32\Wbem;C:\Windows\System32\WindowsPowerShell\v1.0\;C:\Windows\System32\OpenSSH\;C:\Program Files\Git\cmd;C:\Program Files\dotnet\;C:\Program Files\Microsoft SQL Server\Client SDK\ODBC\170\Tools\Binn\;C:\Program Files\Microsoft SQL Server\Client SDK\ODBC\130\Tools\Binn\;C:\Program Files\nodejs\;C:\Program Files (x86)\Microsoft SQL Server\150\Tools\Binn\;C:\Program Files\Microsoft SQL Server\150\Tools\Binn\;C:\Program Files\Microsoft SQL Server\150\DTS\Binn\;C:\Program Files (x86)\Microsoft SQL Server\150\DTS\Binn\;C:\Program Files\Microsoft SQL Server\130\Tools\Binn\;C:\Users\bbdnet2209\AppData\Local\Microsoft\WindowsApps;C:\Users\bbdnet2209\AppData\Local\Programs\Microsoft VS Code\bin;C:\Users\bbdnet2209\AppData\Local\GitHubDesktop\bin;C:\Program Files\Java\jdk-13.0.2\bin;C:\Program Files\apache-maven-3.6.3\bin;C:\Users\bbdnet2209\.dotnet\tools;C:\Users\bbdnet2209\AppData\Roaming\npm;C:\Users\bbdnet2209\Android\sdk\emulator\emulator;;C:\Program Files\JetBrains\JetBrains Rider 2019.3.4\bin;;."/>
    <property name="java.vm.info" value="mixed mode"/>
    <property name="java.vendor" value="Microsoft"/>
    <property name="java.vm.version" value="25.71-b00"/>
    <property name="java.ext.dirs" value="C:\Program Files\Android\Jdk\microsoft_dist_openjdk_1.8.0.25\jre\lib\ext;C:\Windows\Sun\Java\lib\ext"/>
    <property name="sun.io.unicode.encoding" value="UnicodeLittle"/>
    <property name="java.class.version" value="52.0"/>
  </properties>
  <testcase name="shouldAnswerWithTrue" classname="market.AppTest" time="0.002"/>
</testsuite>